<?xml version="1.0" encoding="UTF-8"?>
<testng-results ignored="0" total="1" passed="1" failed="0" skipped="0">
  <reporter-output>
  </reporter-output>
  <suite started-at="2023-12-09T14:39:21 IST" name="Suite" finished-at="2023-12-09T14:39:40 IST" duration-ms="18945">
    <groups>
    </groups>
    <test started-at="2023-12-09T14:39:21 IST" name="Test" finished-at="2023-12-09T14:39:40 IST" duration-ms="18945">
      <class name="testCases.TC_02Login">
        <test-method is-config="true" signature="setUp(java.lang.String)[pri:0, instance:testCases.TC_02Login@dd05255]" started-at="2023-12-09T14:39:22 IST" name="setUp" finished-at="2023-12-09T14:39:32 IST" duration-ms="10162" status="PASS">
          <params>
            <param index="0">
              <value>
                <![CDATA[chrome]]>
              </value>
            </param>
          </params>
          <reporter-output>
          </reporter-output>
        </test-method> <!-- setUp -->
        <test-method signature="testLogin()[pri:0, instance:testCases.TC_02Login@dd05255]" started-at="2023-12-09T14:39:32 IST" name="testLogin" finished-at="2023-12-09T14:39:40 IST" duration-ms="8676" status="PASS">
          <reporter-output>
          </reporter-output>
        </test-method> <!-- testLogin -->
      </class> <!-- testCases.TC_02Login -->
    </test> <!-- Test -->
  </suite> <!-- Suite -->
</testng-results>
